2024-03-10 03:27:53,359 - INFO - Today's date: 2024-03-10
2024-03-10 03:27:53,374 - INFO - Closer expiry instruments: [
  {
    "name": "NIFTY",
    "segment": "NSE_FO",
    "exchange": "NSE",
    "expiry": "2024-03-14",
    "weekly": true,
    "instrument_key": "NSE_FO|43899",
    "exchange_token": "43899",
    "trading_symbol": "NIFTY 22350 CE 14 MAR 24",
    "tick_size": 5.0,
    "lot_size": 50,
    "instrument_type": "CE",
    "freeze_quantity": 1800.0,
    "underlying_key": "NSE_INDEX|Nifty 50",
    "underlying_type": "INDEX",
    "underlying_symbol": "NIFTY",
    "strike_price": 22350.0,
    "minimum_lot": 50
  }
]
2024-03-10 03:41:53,401 - INFO - Today's date: 2024-03-10
2024-03-10 03:41:53,401 - INFO - Closer expiry instruments: [
  {
    "name": "NIFTY",
    "segment": "NSE_FO",
    "exchange": "NSE",
    "expiry": "2024-03-14",
    "weekly": true,
    "instrument_key": "NSE_FO|43899",
    "exchange_token": "43899",
    "trading_symbol": "NIFTY 22350 CE 14 MAR 24",
    "tick_size": 5.0,
    "lot_size": 50,
    "instrument_type": "CE",
    "freeze_quantity": 1800.0,
    "underlying_key": "NSE_INDEX|Nifty 50",
    "underlying_type": "INDEX",
    "underlying_symbol": "NIFTY",
    "strike_price": 22350.0,
    "minimum_lot": 50
  }
]
2024-03-10 03:42:19,151 - INFO - Today's date: 2024-03-10
2024-03-10 03:42:19,152 - INFO - Closer expiry instruments: [
  {
    "name": "NIFTY",
    "segment": "NSE_FO",
    "exchange": "NSE",
    "expiry": "2024-03-14",
    "weekly": true,
    "instrument_key": "NSE_FO|43899",
    "exchange_token": "43899",
    "trading_symbol": "NIFTY 22350 CE 14 MAR 24",
    "tick_size": 5.0,
    "lot_size": 50,
    "instrument_type": "CE",
    "freeze_quantity": 1800.0,
    "underlying_key": "NSE_INDEX|Nifty 50",
    "underlying_type": "INDEX",
    "underlying_symbol": "NIFTY",
    "strike_price": 22350.0,
    "minimum_lot": 50
  }
]
2024-03-10 03:43:26,419 - INFO - Connecting to 91.108.56.154:443/TcpFull...
2024-03-10 03:43:26,473 - INFO - Connection to 91.108.56.154:443/TcpFull complete!
2024-03-10 03:43:38,022 - INFO - Disconnecting from 91.108.56.154:443/TcpFull...
2024-03-10 03:43:38,022 - INFO - Disconnection from 91.108.56.154:443/TcpFull complete!
2024-03-10 03:43:44,813 - INFO - Connecting to 91.108.56.154:443/TcpFull...
2024-03-10 03:43:44,881 - INFO - Connection to 91.108.56.154:443/TcpFull complete!
2024-03-10 03:43:55,252 - ERROR - Unhandled exception on handler
Traceback (most recent call last):
  File "C:\Users\soham\Desktop\CODE\Projects\Auto-Trading\venv\Lib\site-packages\telethon\client\updates.py", line 570, in _dispatch_update
    await callback(event)
  File "C:\Users\soham\Desktop\CODE\Projects\Auto-Trading\bot.py", line 46, in handler
    print(parsed_message[0])
          ~~~~~~~~~~~~~~^^^
KeyError: 0
2024-03-10 03:44:15,590 - INFO - Disconnecting from 91.108.56.154:443/TcpFull...
2024-03-10 03:44:15,591 - INFO - Disconnection from 91.108.56.154:443/TcpFull complete!
2024-03-10 03:44:21,185 - INFO - Connecting to 91.108.56.154:443/TcpFull...
2024-03-10 03:44:21,252 - INFO - Connection to 91.108.56.154:443/TcpFull complete!
2024-03-10 03:44:27,889 - ERROR - Unhandled exception on handler
Traceback (most recent call last):
  File "C:\Users\soham\Desktop\CODE\Projects\Auto-Trading\venv\Lib\site-packages\telethon\client\updates.py", line 570, in _dispatch_update
    await callback(event)
  File "C:\Users\soham\Desktop\CODE\Projects\Auto-Trading\bot.py", line 47, in handler
    print(parsed_message[0])
          ~~~~~~~~~~~~~~^^^
KeyError: 0
2024-03-10 03:45:08,551 - INFO - Disconnecting from 91.108.56.154:443/TcpFull...
2024-03-10 03:45:08,552 - INFO - Disconnection from 91.108.56.154:443/TcpFull complete!
2024-03-10 03:45:14,771 - INFO - Connecting to 91.108.56.154:443/TcpFull...
2024-03-10 03:45:14,833 - INFO - Connection to 91.108.56.154:443/TcpFull complete!
2024-03-10 03:45:32,479 - INFO - Got difference for account updates
2024-03-10 03:46:46,787 - INFO - Got difference for account updates
2024-03-10 03:47:56,893 - INFO - Disconnecting from 91.108.56.154:443/TcpFull...
2024-03-10 03:47:56,893 - INFO - Disconnection from 91.108.56.154:443/TcpFull complete!
2024-03-10 03:48:00,224 - INFO - Connecting to 91.108.56.154:443/TcpFull...
2024-03-10 03:48:00,290 - INFO - Connection to 91.108.56.154:443/TcpFull complete!
2024-03-10 03:48:07,620 - INFO - Today's date: 2024-03-10
2024-03-10 03:48:07,620 - INFO - Closer expiry instruments: [
  {
    "name": "NIFTY",
    "segment": "NSE_FO",
    "exchange": "NSE",
    "expiry": "2024-03-14",
    "weekly": true,
    "instrument_key": "NSE_FO|43899",
    "exchange_token": "43899",
    "trading_symbol": "NIFTY 22350 CE 14 MAR 24",
    "tick_size": 5.0,
    "lot_size": 50,
    "instrument_type": "CE",
    "freeze_quantity": 1800.0,
    "underlying_key": "NSE_INDEX|Nifty 50",
    "underlying_type": "INDEX",
    "underlying_symbol": "NIFTY",
    "strike_price": 22350.0,
    "minimum_lot": 50
  }
]
2024-03-10 04:04:12,734 - INFO - Disconnecting from 91.108.56.154:443/TcpFull...
2024-03-10 04:04:12,734 - INFO - Disconnection from 91.108.56.154:443/TcpFull complete!
